<?xml version="1.0" encoding="UTF-8"?>
<testng-results skipped="0" failed="0" ignored="0" total="1" passed="1">
  <reporter-output>
  </reporter-output>
  <suite name="Surefire suite" duration-ms="18" started-at="2019-11-28T15:35:49 CST" finished-at="2019-11-28T15:35:49 CST">
    <groups>
    </groups>
    <test name="Surefire test" duration-ms="18" started-at="2019-11-28T15:35:49 CST" finished-at="2019-11-28T15:35:49 CST">
      <class name="AnalyticsTests.AppTest">
        <test-method status="PASS" signature="testApp()[pri:0, instance:testApp(AnalyticsTests.AppTest)]" name="testApp" duration-ms="3" started-at="2019-11-28T15:35:49 CST" finished-at="2019-11-28T15:35:49 CST">
          <reporter-output>
          </reporter-output>
        </test-method> <!-- testApp -->
      </class> <!-- AnalyticsTests.AppTest -->
    </test> <!-- Surefire test -->
  </suite> <!-- Surefire suite -->
</testng-results>
